CRITICAL - 2025-06-04 07:36:17 --> ArgumentCountError: Too few arguments to function App\Controllers\ProductsController::search(), 0 passed in H:\laragon\www\meca\system\CodeIgniter.php on line 933 and exactly 2 expected
[Method: GET, Route: products/search]
in APPPATH\Controllers\ProductsController.php on line 31.
 1 SYSTEMPATH\CodeIgniter.php(933): App\Controllers\ProductsController->search()
 2 SYSTEMPATH\CodeIgniter.php(507): CodeIgniter\CodeIgniter->runController(Object(App\Controllers\ProductsController))
 3 SYSTEMPATH\CodeIgniter.php(354): CodeIgniter\CodeIgniter->handleRequest(null, Object(Config\Cache), false)
 4 SYSTEMPATH\Boot.php(334): CodeIgniter\CodeIgniter->run()
 5 SYSTEMPATH\Boot.php(67): CodeIgniter\Boot::runCodeIgniter(Object(CodeIgniter\CodeIgniter))
 6 FCPATH\index.php(56): CodeIgniter\Boot::bootWeb(Object(Config\Paths))
CRITICAL - 2025-06-04 07:36:44 --> ArgumentCountError: Too few arguments to function App\Controllers\ProductsController::search(), 0 passed in H:\laragon\www\meca\system\CodeIgniter.php on line 933 and exactly 2 expected
[Method: GET, Route: products/search]
in APPPATH\Controllers\ProductsController.php on line 31.
 1 SYSTEMPATH\CodeIgniter.php(933): App\Controllers\ProductsController->search()
 2 SYSTEMPATH\CodeIgniter.php(507): CodeIgniter\CodeIgniter->runController(Object(App\Controllers\ProductsController))
 3 SYSTEMPATH\CodeIgniter.php(354): CodeIgniter\CodeIgniter->handleRequest(null, Object(Config\Cache), false)
 4 SYSTEMPATH\Boot.php(334): CodeIgniter\CodeIgniter->run()
 5 SYSTEMPATH\Boot.php(67): CodeIgniter\Boot::runCodeIgniter(Object(CodeIgniter\CodeIgniter))
 6 FCPATH\index.php(56): CodeIgniter\Boot::bootWeb(Object(Config\Paths))
CRITICAL - 2025-06-04 07:41:05 --> ArgumentCountError: Too few arguments to function App\Controllers\ProductsController::search(), 0 passed in H:\laragon\www\meca\system\CodeIgniter.php on line 933 and exactly 2 expected
[Method: GET, Route: products/search]
in APPPATH\Controllers\ProductsController.php on line 31.
 1 SYSTEMPATH\CodeIgniter.php(933): App\Controllers\ProductsController->search()
 2 SYSTEMPATH\CodeIgniter.php(507): CodeIgniter\CodeIgniter->runController(Object(App\Controllers\ProductsController))
 3 SYSTEMPATH\CodeIgniter.php(354): CodeIgniter\CodeIgniter->handleRequest(null, Object(Config\Cache), false)
 4 SYSTEMPATH\Boot.php(334): CodeIgniter\CodeIgniter->run()
 5 SYSTEMPATH\Boot.php(67): CodeIgniter\Boot::runCodeIgniter(Object(CodeIgniter\CodeIgniter))
 6 FCPATH\index.php(56): CodeIgniter\Boot::bootWeb(Object(Config\Paths))
DEBUG - 2025-06-04 08:00:30 --> Session: Class initialized using 'CodeIgniter\Session\Handlers\FileHandler' driver.
ERROR - 2025-06-04 08:00:34 --> mysqli_sql_exception: Unknown column 'category' in 'where clause' in H:\laragon\www\meca\system\Database\MySQLi\Connection.php:327
Stack trace:
#0 H:\laragon\www\meca\system\Database\MySQLi\Connection.php(327): mysqli->query('SELECT *\nFROM `...', 0)
#1 H:\laragon\www\meca\system\Database\BaseConnection.php(738): CodeIgniter\Database\MySQLi\Connection->execute('SELECT *\nFROM `...')
#2 H:\laragon\www\meca\system\Database\BaseConnection.php(652): CodeIgniter\Database\BaseConnection->simpleQuery('SELECT *\nFROM `...')
#3 H:\laragon\www\meca\system\Database\BaseBuilder.php(1649): CodeIgniter\Database\BaseConnection->query('SELECT *\nFROM `...', Array, false)
#4 H:\laragon\www\meca\system\Model.php(286): CodeIgniter\Database\BaseBuilder->get()
#5 H:\laragon\www\meca\system\BaseModel.php(675): CodeIgniter\Model->doFindAll(0, 0)
#6 H:\laragon\www\meca\app\Models\ProductModel.php(65): CodeIgniter\BaseModel->findAll()
#7 H:\laragon\www\meca\app\Controllers\ProductsController.php(44): App\Models\ProductModel->searchMethod('anna', '')
#8 H:\laragon\www\meca\system\CodeIgniter.php(933): App\Controllers\ProductsController->search()
#9 H:\laragon\www\meca\system\CodeIgniter.php(507): CodeIgniter\CodeIgniter->runController(Object(App\Controllers\ProductsController))
#10 H:\laragon\www\meca\system\CodeIgniter.php(354): CodeIgniter\CodeIgniter->handleRequest(NULL, Object(Config\Cache), false)
#11 H:\laragon\www\meca\system\Boot.php(334): CodeIgniter\CodeIgniter->run()
#12 H:\laragon\www\meca\system\Boot.php(67): CodeIgniter\Boot::runCodeIgniter(Object(CodeIgniter\CodeIgniter))
#13 H:\laragon\www\meca\public\index.php(56): CodeIgniter\Boot::bootWeb(Object(Config\Paths))
#14 {main}
CRITICAL - 2025-06-04 08:00:34 --> CodeIgniter\Database\Exceptions\DatabaseException: Unknown column 'category' in 'where clause'
[Method: GET, Route: products/search]
in SYSTEMPATH\Database\BaseConnection.php on line 692.
 1 SYSTEMPATH\Database\BaseBuilder.php(1649): CodeIgniter\Database\BaseConnection->query('SELECT *
FROM `products`
WHERE `name` LIKE :name: ESCAPE \'!\'
OR  `description` LIKE :description: ESCAPE \'!\'
OR  `category` LIKE :category: ESCAPE \'!\'', [...], false)
 2 SYSTEMPATH\Model.php(286): CodeIgniter\Database\BaseBuilder->get()
 3 SYSTEMPATH\BaseModel.php(675): CodeIgniter\Model->doFindAll(0, 0)
 4 APPPATH\Models\ProductModel.php(65): CodeIgniter\BaseModel->findAll()
 5 APPPATH\Controllers\ProductsController.php(44): App\Models\ProductModel->searchMethod('anna', '')
 6 SYSTEMPATH\CodeIgniter.php(933): App\Controllers\ProductsController->search()
 7 SYSTEMPATH\CodeIgniter.php(507): CodeIgniter\CodeIgniter->runController(Object(App\Controllers\ProductsController))
 8 SYSTEMPATH\CodeIgniter.php(354): CodeIgniter\CodeIgniter->handleRequest(null, Object(Config\Cache), false)
 9 SYSTEMPATH\Boot.php(334): CodeIgniter\CodeIgniter->run()
10 SYSTEMPATH\Boot.php(67): CodeIgniter\Boot::runCodeIgniter(Object(CodeIgniter\CodeIgniter))
11 FCPATH\index.php(56): CodeIgniter\Boot::bootWeb(Object(Config\Paths))
CRITICAL - 2025-06-04 08:00:34 --> [Caused by] CodeIgniter\Database\Exceptions\DatabaseException: Unknown column 'category' in 'where clause'
in SYSTEMPATH\Database\MySQLi\Connection.php on line 332.
 1 SYSTEMPATH\Database\BaseConnection.php(738): CodeIgniter\Database\MySQLi\Connection->execute('SELECT *
FROM `products`
WHERE `name` LIKE \'%anna%\' ESCAPE \'!\'
OR  `description` LIKE \'%anna%\' ESCAPE \'!\'
OR  `category` LIKE \'%%\' ESCAPE \'!\'')
 2 SYSTEMPATH\Database\BaseConnection.php(652): CodeIgniter\Database\BaseConnection->simpleQuery('SELECT *
FROM `products`
WHERE `name` LIKE \'%anna%\' ESCAPE \'!\'
OR  `description` LIKE \'%anna%\' ESCAPE \'!\'
OR  `category` LIKE \'%%\' ESCAPE \'!\'')
 3 SYSTEMPATH\Database\BaseBuilder.php(1649): CodeIgniter\Database\BaseConnection->query('SELECT *
FROM `products`
WHERE `name` LIKE :name: ESCAPE \'!\'
OR  `description` LIKE :description: ESCAPE \'!\'
OR  `category` LIKE :category: ESCAPE \'!\'', [...], false)
 4 SYSTEMPATH\Model.php(286): CodeIgniter\Database\BaseBuilder->get()
 5 SYSTEMPATH\BaseModel.php(675): CodeIgniter\Model->doFindAll(0, 0)
 6 APPPATH\Models\ProductModel.php(65): CodeIgniter\BaseModel->findAll()
 7 APPPATH\Controllers\ProductsController.php(44): App\Models\ProductModel->searchMethod('anna', '')
 8 SYSTEMPATH\CodeIgniter.php(933): App\Controllers\ProductsController->search()
 9 SYSTEMPATH\CodeIgniter.php(507): CodeIgniter\CodeIgniter->runController(Object(App\Controllers\ProductsController))
10 SYSTEMPATH\CodeIgniter.php(354): CodeIgniter\CodeIgniter->handleRequest(null, Object(Config\Cache), false)
11 SYSTEMPATH\Boot.php(334): CodeIgniter\CodeIgniter->run()
12 SYSTEMPATH\Boot.php(67): CodeIgniter\Boot::runCodeIgniter(Object(CodeIgniter\CodeIgniter))
13 FCPATH\index.php(56): CodeIgniter\Boot::bootWeb(Object(Config\Paths))
CRITICAL - 2025-06-04 08:00:34 --> [Caused by] mysqli_sql_exception: Unknown column 'category' in 'where clause'
in SYSTEMPATH\Database\MySQLi\Connection.php on line 327.
 1 SYSTEMPATH\Database\MySQLi\Connection.php(327): mysqli->query('SELECT *
FROM `products`
WHERE `name` LIKE \'%anna%\' ESCAPE \'!\'
OR  `description` LIKE \'%anna%\' ESCAPE \'!\'
OR  `category` LIKE \'%%\' ESCAPE \'!\'', 0)
 2 SYSTEMPATH\Database\BaseConnection.php(738): CodeIgniter\Database\MySQLi\Connection->execute('SELECT *
FROM `products`
WHERE `name` LIKE \'%anna%\' ESCAPE \'!\'
OR  `description` LIKE \'%anna%\' ESCAPE \'!\'
OR  `category` LIKE \'%%\' ESCAPE \'!\'')
 3 SYSTEMPATH\Database\BaseConnection.php(652): CodeIgniter\Database\BaseConnection->simpleQuery('SELECT *
FROM `products`
WHERE `name` LIKE \'%anna%\' ESCAPE \'!\'
OR  `description` LIKE \'%anna%\' ESCAPE \'!\'
OR  `category` LIKE \'%%\' ESCAPE \'!\'')
 4 SYSTEMPATH\Database\BaseBuilder.php(1649): CodeIgniter\Database\BaseConnection->query('SELECT *
FROM `products`
WHERE `name` LIKE :name: ESCAPE \'!\'
OR  `description` LIKE :description: ESCAPE \'!\'
OR  `category` LIKE :category: ESCAPE \'!\'', [...], false)
 5 SYSTEMPATH\Model.php(286): CodeIgniter\Database\BaseBuilder->get()
 6 SYSTEMPATH\BaseModel.php(675): CodeIgniter\Model->doFindAll(0, 0)
 7 APPPATH\Models\ProductModel.php(65): CodeIgniter\BaseModel->findAll()
 8 APPPATH\Controllers\ProductsController.php(44): App\Models\ProductModel->searchMethod('anna', '')
 9 SYSTEMPATH\CodeIgniter.php(933): App\Controllers\ProductsController->search()
10 SYSTEMPATH\CodeIgniter.php(507): CodeIgniter\CodeIgniter->runController(Object(App\Controllers\ProductsController))
11 SYSTEMPATH\CodeIgniter.php(354): CodeIgniter\CodeIgniter->handleRequest(null, Object(Config\Cache), false)
12 SYSTEMPATH\Boot.php(334): CodeIgniter\CodeIgniter->run()
13 SYSTEMPATH\Boot.php(67): CodeIgniter\Boot::runCodeIgniter(Object(CodeIgniter\CodeIgniter))
14 FCPATH\index.php(56): CodeIgniter\Boot::bootWeb(Object(Config\Paths))
DEBUG - 2025-06-04 08:05:40 --> Session: Class initialized using 'CodeIgniter\Session\Handlers\FileHandler' driver.
DEBUG - 2025-06-04 08:05:43 --> Session: Class initialized using 'CodeIgniter\Session\Handlers\FileHandler' driver.
WARNING - 2025-06-04 08:05:47 --> [DEPRECATED] preg_match(): Passing null to parameter #2 ($subject) of type string is deprecated in APPPATH\Controllers\ProductsController.php on line 37.
 1 APPPATH\Controllers\ProductsController.php(37): preg_match('/^[a-zA-Z0-9\\s]+$/', null)
 2 SYSTEMPATH\CodeIgniter.php(933): App\Controllers\ProductsController->search()
 3 SYSTEMPATH\CodeIgniter.php(507): CodeIgniter\CodeIgniter->runController(Object(App\Controllers\ProductsController))
 4 SYSTEMPATH\CodeIgniter.php(354): CodeIgniter\CodeIgniter->handleRequest(null, Object(Config\Cache), false)
 5 SYSTEMPATH\Boot.php(334): CodeIgniter\CodeIgniter->run()
 6 SYSTEMPATH\Boot.php(67): CodeIgniter\Boot::runCodeIgniter(Object(CodeIgniter\CodeIgniter))
 7 FCPATH\index.php(56): CodeIgniter\Boot::bootWeb(Object(Config\Paths))
DEBUG - 2025-06-04 08:05:47 --> Session: Class initialized using 'CodeIgniter\Session\Handlers\FileHandler' driver.
DEBUG - 2025-06-04 08:05:49 --> Session: Class initialized using 'CodeIgniter\Session\Handlers\FileHandler' driver.
DEBUG - 2025-06-04 08:05:52 --> Session: Class initialized using 'CodeIgniter\Session\Handlers\FileHandler' driver.
DEBUG - 2025-06-04 08:05:58 --> Session: Class initialized using 'CodeIgniter\Session\Handlers\FileHandler' driver.
WARNING - 2025-06-04 08:06:37 --> [DEPRECATED] preg_match(): Passing null to parameter #2 ($subject) of type string is deprecated in APPPATH\Controllers\ProductsController.php on line 37.
 1 APPPATH\Controllers\ProductsController.php(37): preg_match('/^[a-zA-Z0-9\\s]+$/', null)
 2 SYSTEMPATH\CodeIgniter.php(933): App\Controllers\ProductsController->search()
 3 SYSTEMPATH\CodeIgniter.php(507): CodeIgniter\CodeIgniter->runController(Object(App\Controllers\ProductsController))
 4 SYSTEMPATH\CodeIgniter.php(354): CodeIgniter\CodeIgniter->handleRequest(null, Object(Config\Cache), false)
 5 SYSTEMPATH\Boot.php(334): CodeIgniter\CodeIgniter->run()
 6 SYSTEMPATH\Boot.php(67): CodeIgniter\Boot::runCodeIgniter(Object(CodeIgniter\CodeIgniter))
 7 FCPATH\index.php(56): CodeIgniter\Boot::bootWeb(Object(Config\Paths))
DEBUG - 2025-06-04 08:06:37 --> Session: Class initialized using 'CodeIgniter\Session\Handlers\FileHandler' driver.
WARNING - 2025-06-04 08:06:40 --> [DEPRECATED] preg_match(): Passing null to parameter #2 ($subject) of type string is deprecated in APPPATH\Controllers\ProductsController.php on line 37.
 1 APPPATH\Controllers\ProductsController.php(37): preg_match('/^[a-zA-Z0-9\\s]+$/', null)
 2 SYSTEMPATH\CodeIgniter.php(933): App\Controllers\ProductsController->search()
 3 SYSTEMPATH\CodeIgniter.php(507): CodeIgniter\CodeIgniter->runController(Object(App\Controllers\ProductsController))
 4 SYSTEMPATH\CodeIgniter.php(354): CodeIgniter\CodeIgniter->handleRequest(null, Object(Config\Cache), false)
 5 SYSTEMPATH\Boot.php(334): CodeIgniter\CodeIgniter->run()
 6 SYSTEMPATH\Boot.php(67): CodeIgniter\Boot::runCodeIgniter(Object(CodeIgniter\CodeIgniter))
 7 FCPATH\index.php(56): CodeIgniter\Boot::bootWeb(Object(Config\Paths))
DEBUG - 2025-06-04 08:06:40 --> Session: Class initialized using 'CodeIgniter\Session\Handlers\FileHandler' driver.
